<?xml version="1.0" encoding="UTF-8"?>
<testng-results skipped="0" failed="0" total="1" passed="1">
  <reporter-output>
  </reporter-output>
  <suite name="Suite" duration-ms="95930" started-at="2019-07-27T13:29:33Z" finished-at="2019-07-27T13:31:09Z">
    <groups>
      <group name="cucumber">
        <method signature="AbstractTestNGCucumberTests.feature(cucumber.api.testng.CucumberFeatureWrapper)[pri:0, instance:testRun.TestRunner@6fd02e5]" name="feature" class="cucumber.api.testng.AbstractTestNGCucumberTests"/>
      </group> <!-- cucumber -->
    </groups>
    <test name="Test" duration-ms="95930" started-at="2019-07-27T13:29:33Z" finished-at="2019-07-27T13:31:09Z">
      <class name="testRun.TestRunner">
        <test-method status="PASS" signature="setUpClass()[pri:0, instance:testRun.TestRunner@6fd02e5]" name="setUpClass" is-config="true" duration-ms="152" started-at="2019-07-27T17:29:33Z" finished-at="2019-07-27T17:29:33Z">
          <reporter-output>
          </reporter-output>
        </test-method> <!-- setUpClass -->
        <test-method status="PASS" signature="setup()[pri:0, instance:testRun.TestRunner@6fd02e5]" name="setup" is-config="true" duration-ms="489" started-at="2019-07-27T17:29:33Z" finished-at="2019-07-27T17:29:34Z">
          <reporter-output>
          </reporter-output>
        </test-method> <!-- setup -->
        <test-method status="PASS" signature="feature(cucumber.api.testng.CucumberFeatureWrapper)[pri:0, instance:testRun.TestRunner@6fd02e5]" name="feature" duration-ms="95173" started-at="2019-07-27T17:29:34Z" description="Runs Cucumber Feature" data-provider="features" finished-at="2019-07-27T17:31:09Z">
          <params>
            <param index="0">
              <value>
                <![CDATA[Verify sample tests for home and login screen]]>
              </value>
            </param>
          </params>
          <reporter-output>
          </reporter-output>
        </test-method> <!-- feature -->
        <test-method status="PASS" signature="tearDownClass()[pri:0, instance:testRun.TestRunner@6fd02e5]" name="tearDownClass" is-config="true" duration-ms="51" started-at="2019-07-27T17:31:09Z" finished-at="2019-07-27T17:31:09Z">
          <reporter-output>
          </reporter-output>
        </test-method> <!-- tearDownClass -->
      </class> <!-- testRun.TestRunner -->
    </test> <!-- Test -->
  </suite> <!-- Suite -->
</testng-results>
